<?xml version="1.0" encoding="UTF-8"?>
<!-- Generated by org.testng.reporters.JUnitReportReporter -->
<testsuite hostname="DESKTOP-GF5M0FN" failures="0" tests="4" name="api.test.UserTest2" time="10.976" errors="0" timestamp="2023-06-01T19:51:18 IST" skipped="0">
  <testcase classname="api.test.UserTest2" name="testPostUser" time="5.277"/>
  <system-out/>
  <testcase classname="api.test.UserTest2" name="testGetUserByName" time="1.420"/>
  <system-out/>
  <testcase classname="api.test.UserTest2" name="testUpdateUser" time="3.056"/>
  <system-out/>
  <testcase classname="api.test.UserTest2" name="testDeleteUserByName" time="1.223"/>
  <system-out/>
</testsuite> <!-- api.test.UserTest2 -->
