<?xml version="1.0" encoding="UTF-8"?>
<!-- Generated by org.testng.reporters.JUnitReportReporter -->
<testsuite hostname="DESKTOP-GF5M0FN" failures="0" tests="4" name="api.test.UserTest" time="10.012" errors="0" timestamp="2023-05-21T17:02:59 IST" skipped="0">
  <testcase classname="api.test.UserTest" name="testPostUser" time="4.068"/>
  <system-out/>
  <testcase classname="api.test.UserTest" name="testGetUserByName" time="1.477"/>
  <system-out/>
  <testcase classname="api.test.UserTest" name="testUpdateUser" time="2.867"/>
  <system-out/>
  <testcase classname="api.test.UserTest" name="testDeleteUserByName" time="1.600"/>
  <system-out/>
</testsuite> <!-- api.test.UserTest -->
