<?xml version="1.0" encoding="UTF-8"?>
<!-- Generated by org.testng.reporters.JUnitReportReporter -->
<testsuite hostname="DESKTOP-GF5M0FN" failures="0" tests="6" name="api.test.DDTests" time="13.965" errors="0" timestamp="2023-05-21T15:53:02 IST" skipped="0">
  <testcase classname="api.test.DDTests" name="testPostuser" time="5.237"/>
  <system-out/>
  <testcase classname="api.test.DDTests" name="testPostuser" time="1.460"/>
  <system-out/>
  <testcase classname="api.test.DDTests" name="testPostuser" time="1.597"/>
  <system-out/>
  <testcase classname="api.test.DDTests" name="testDeleteUserByName" time="1.457"/>
  <system-out/>
  <testcase classname="api.test.DDTests" name="testDeleteUserByName" time="2.406"/>
  <system-out/>
  <testcase classname="api.test.DDTests" name="testDeleteUserByName" time="1.808"/>
  <system-out/>
</testsuite> <!-- api.test.DDTests -->
