<?xml version="1.0" encoding="UTF-8"?>
<!-- Generated by org.testng.reporters.JUnitReportReporter -->
<testsuite hostname="DESKTOP-GF5M0FN" failures="0" tests="4" name="api.test.UserTest2" time="8.203" errors="0" timestamp="2023-06-03T11:17:45 IST" skipped="0">
  <testcase classname="api.test.UserTest2" name="testPostUser" time="3.329"/>
  <system-out/>
  <testcase classname="api.test.UserTest2" name="testGetUserByName" time="1.211"/>
  <system-out/>
  <testcase classname="api.test.UserTest2" name="testUpdateUser" time="2.477"/>
  <system-out/>
  <testcase classname="api.test.UserTest2" name="testDeleteUserByName" time="1.186"/>
  <system-out/>
</testsuite> <!-- api.test.UserTest2 -->
